<?xml version="1.0" encoding="UTF-8"?>
<testsuite xmlns:xsi="http://www.w3.org/2001/XMLSchema-instance" xsi:noNamespaceSchemaLocation="https://maven.apache.org/surefire/maven-surefire-plugin/xsd/surefire-test-report-3.0.xsd" version="3.0" name="cucumber.Options.TestRunner" time="30.323" tests="3" errors="0" skipped="0" failures="0">
  <properties>
[...]
</properties>
  <testcase name="Verify search count response with valid search term" classname="Search API Test" time="11.499">
    <system-out><![CDATA[
Scenario: Verify search count response with valid search term                 &amp#27;[90m# src/test/java/features/SearchApi.feature:3&amp#27;[0m
  &amp#27;[32mGiven &amp#27;[0m&amp#27;[32mI perform a GET request to the search endpoint with searchTerm &amp#27;[0m&amp#27;[32m&amp#27;[1m"deli"&amp#27;[0m &amp#27;[90m# stepDefinitions.SearchApiSteps.iPerformAGETRequestToTheSearchEndpointWithSearchTerm(java.lang.String)&amp#27;[0m
  &amp#27;[32mThen &amp#27;[0m&amp#27;[32mthe response status code should be &amp#27;[0m&amp#27;[32m&amp#27;[1m200&amp#27;[0m                                 &amp#27;[90m# stepDefinitions.SearchApiSteps.theResponseStatusCodeShouldBe(int)&amp#27;[0m
  &amp#27;[32mAnd &amp#27;[0m&amp#27;[32mthe response should have ArticleCount and Total greater than 0&amp#27;[0m          &amp#27;[90m# stepDefinitions.SearchApiSteps.theResponseShouldHaveArticleCountAndTotalGreaterThanZero()&amp#27;[0m
]]></system-out>
    <system-err><![CDATA[[main] INFO stepDefinitions.SearchApiSteps - GET Request performed to /Search/count with searchTerm: deli
[main] INFO stepDefinitions.SearchApiSteps - Response Body: {"SearchCount":{"ProductCount":766,"SpecialProductCount":239,"RecipeCount":24,"ArticleCount":11,"UntraceableProductCount":0,"Total":1040,"SuggestedTerm":null},"_meta":[{"Label":"766 Products","SearchPath":"products","DefaultFlags":{"ExcludeSearchTypes":["UntraceableVendors"]}},{"Label":"239 Specials","SearchPath":"specials","DefaultFlags":{"IsSpecial":true,"ExcludeSearchTypes":["UntraceableVendors"]}},{"Label":"24 Recipes","SearchPath":"recipes","DefaultFlags":null},{"Label":"0 Pharmacy","SearchPath":"pharmacy","DefaultFlags":{"IsSpecial":false,"SortType":"Name","ExcludeSearchTypes":["Products"]}},{"Label":"11 Articles","SearchPath":"articles","DefaultFlags":null}]}
[main] INFO stepDefinitions.SearchApiSteps - Status code is as expected: 200
[main] INFO stepDefinitions.SearchApiSteps - ArticleCount: 11
[main] INFO stepDefinitions.SearchApiSteps - Total: 1040
]]></system-err>
  </testcase>
  <testcase name="Verify search count response with empty search term" classname="Search API Test" time="9.132">
    <system-out><![CDATA[
Scenario: Verify search count response with empty search term             &amp#27;[90m# src/test/java/features/SearchApi.feature:8&amp#27;[0m
  &amp#27;[32mGiven &amp#27;[0m&amp#27;[32mI perform a GET request to the search endpoint with searchTerm &amp#27;[0m&amp#27;[32m&amp#27;[1m""&amp#27;[0m &amp#27;[90m# stepDefinitions.SearchApiSteps.iPerformAGETRequestToTheSearchEndpointWithSearchTerm(java.lang.String)&amp#27;[0m
  &amp#27;[32mThen &amp#27;[0m&amp#27;[32mthe response status code should be &amp#27;[0m&amp#27;[32m&amp#27;[1m400&amp#27;[0m                             &amp#27;[90m# stepDefinitions.SearchApiSteps.theResponseStatusCodeShouldBe(int)&amp#27;[0m
]]></system-out>
    <system-err><![CDATA[[main] INFO stepDefinitions.SearchApiSteps - GET Request performed to /Search/count with searchTerm: 
[main] INFO stepDefinitions.SearchApiSteps - Response Body: {"ResponseStatus":{"ErrorCode":"BadRequest","Message":"BadRequest","StackTrace":null,"Errors":[]}}
[main] INFO stepDefinitions.SearchApiSteps - Status code is as expected: 400
]]></system-err>
  </testcase>
  <testcase name="Verify search count response with special characters in search term" classname="Search API Test" time="9.411">
    <system-out><![CDATA[
Scenario: Verify search count response with special characters in search term  &amp#27;[90m# src/test/java/features/SearchApi.feature:12&amp#27;[0m
  &amp#27;[32mGiven &amp#27;[0m&amp#27;[32mI perform a GET request to the search endpoint with searchTerm &amp#27;[0m&amp#27;[32m&amp#27;[1m"!@#$%"&amp#27;[0m &amp#27;[90m# stepDefinitions.SearchApiSteps.iPerformAGETRequestToTheSearchEndpointWithSearchTerm(java.lang.String)&amp#27;[0m
  &amp#27;[32mThen &amp#27;[0m&amp#27;[32mthe response status code should be &amp#27;[0m&amp#27;[32m&amp#27;[1m200&amp#27;[0m                                  &amp#27;[90m# stepDefinitions.SearchApiSteps.theResponseStatusCodeShouldBe(int)&amp#27;[0m
  &amp#27;[32mAnd &amp#27;[0m&amp#27;[32mthe response should have ArticleCount and Total&amp#27;[0m                          &amp#27;[90m# stepDefinitions.SearchApiSteps.theResponseShouldHaveArticleCountAndTotal()&amp#27;[0m
]]></system-out>
    <system-err><![CDATA[[main] INFO stepDefinitions.SearchApiSteps - GET Request performed to /Search/count with searchTerm: !@#$%
[main] INFO stepDefinitions.SearchApiSteps - Response Body: {"SearchCount":{"ProductCount":0,"SpecialProductCount":0,"RecipeCount":0,"ArticleCount":3,"UntraceableProductCount":0,"Total":3,"SuggestedTerm":null},"_meta":[{"Label":"0 Products","SearchPath":"products","DefaultFlags":{"ExcludeSearchTypes":["UntraceableVendors"]}},{"Label":"0 Specials","SearchPath":"specials","DefaultFlags":{"IsSpecial":true,"ExcludeSearchTypes":["UntraceableVendors"]}},{"Label":"0 Recipes","SearchPath":"recipes","DefaultFlags":null},{"Label":"0 Pharmacy","SearchPath":"pharmacy","DefaultFlags":{"IsSpecial":false,"SortType":"Name","ExcludeSearchTypes":["Products"]}},{"Label":"3 Articles","SearchPath":"articles","DefaultFlags":null}]}
[main] INFO stepDefinitions.SearchApiSteps - Status code is as expected: 200
[main] INFO stepDefinitions.SearchApiSteps - ArticleCount: 3
[main] INFO stepDefinitions.SearchApiSteps - Total: 3
]]></system-err>
  </testcase>
</testsuite>